<?xml version="1.0" encoding="UTF-8" standalone="no"?>
<testsuite errors="0" failures="5" name="io.cucumber.core.plugin.JUnitFormatter" skipped="0" tests="24" time="478.393">
    <testcase classname="Check Liberty Mutual Home Page Functionality" name="check auto insurance for zip code" time="35.952">
        <failure message="not same expected:&lt;...Type=Auto&amp;sessionId=[[46196166549065990&amp;state=NY&amp;zipCode=11204#group=nav-your_info&amp;product=auto&amp;pane=YI01]]&amp;appPhase=quote&gt; but was:&lt;...Type=Auto&amp;sessionId=[97334022074131660&amp;state=NY&amp;zipCode=11204#group=nav-your_info&amp;product=auto&amp;pane=YI01]&amp;appPhase=quote&gt;" type="org.junit.ComparisonFailure">
            <![CDATA[Given IM in LibertyMutual Home Page.........................................passed
When I select Auto..........................................................passed
And I send zip code.........................................................passed
And I click on price........................................................passed
And close popo Window Alert.................................................passed
Then I verify Im in auto page...............................................passed
And I send "1234 west 45th stret" bare......................................passed
When i send "APT1" apt......................................................passed
And click saveandContinue...................................................passed
Then I verify Im in Personal Information page...............................failed

StackTrace:
org.junit.ComparisonFailure: not same expected:<...Type=Auto&sessionId=[[46196166549065990&state=NY&zipCode=11204#group=nav-your_info&product=auto&pane=YI01]]&appPhase=quote> but was:<...Type=Auto&sessionId=[97334022074131660&state=NY&zipCode=11204#group=nav-your_info&product=auto&pane=YI01]&appPhase=quote>
	at org.junit.Assert.assertEquals(Assert.java:117)
	at stepDefinitions.LibertyMutualStepDefinitions.i_verify_im_in_personal_information_page(LibertyMutualStepDefinitions.java:76)
	at ✽.I verify Im in Personal Information page(file:///C:/Users/micromedia/IdeaProjects/AutomationLab_Team_3/LibertyMutual/src/test/java/features/LibertyMutual.feature:16)
]]>
        </failure>
    </testcase>
    <testcase classname="Check Liberty Mutual Home Page Functionality" name="check car under Shop Insurance" time="32.859">
        <system-out>
            <![CDATA[Given IM in LibertyMutual Home Page.........................................passed
When I click on shopInsurance...............................................passed
And I click on Car..........................................................passed
Then I verify Im in Car Page................................................passed
]]>
        </system-out>
    </testcase>
    <testcase classname="Check Liberty Mutual Home Page Functionality" name="check motocycle under Shop Insurance" time="19.352">
        <system-out>
            <![CDATA[Given IM in LibertyMutual Home Page.........................................passed
When I click on shopInsurance...............................................passed
And I click on motocycle....................................................passed
Then I verify Im in motocycle Page..........................................passed
]]>
        </system-out>
    </testcase>
    <testcase classname="Check Liberty Mutual Home Page Functionality" name="check boatAndWaterCraft under Shop Insurance" time="19.48">
        <system-out>
            <![CDATA[Given IM in LibertyMutual Home Page.........................................passed
When I click on shopInsurance...............................................passed
And I click on boatAndWaterCraft............................................passed
Then I verify Im in boatAndWaterCraft Page..................................passed
]]>
        </system-out>
    </testcase>
    <testcase classname="Check Liberty Mutual Home Page Functionality" name="check anticAndClassicCar under Shop Insurance" time="17.924">
        <system-out>
            <![CDATA[Given IM in LibertyMutual Home Page.........................................passed
When I click on shopInsurance...............................................passed
And I click on anticAndClassicCar...........................................passed
Then I verify Im in anticAndClassicCar Page.................................passed
]]>
        </system-out>
    </testcase>
    <testcase classname="Check Liberty Mutual Home Page Functionality" name="check AtvAndOfRoadVehicul under Shop Insurance" time="18.753">
        <system-out>
            <![CDATA[Given IM in LibertyMutual Home Page.........................................passed
When I click on shopInsurance...............................................passed
And I click on AtvAndOfRoadVehicul..........................................passed
Then I verify Im in AtvAndOfRoadVehicul Page................................passed
]]>
        </system-out>
    </testcase>
    <testcase classname="Check Liberty Mutual Home Page Functionality" name="check recreationalVehicule under Shop Insurance" time="18.694">
        <system-out>
            <![CDATA[Given IM in LibertyMutual Home Page.........................................passed
When I click on shopInsurance...............................................passed
And I click on recreationalVehicule.........................................passed
Then I verify Im in recreationalVehicule Page...............................passed
]]>
        </system-out>
    </testcase>
    <testcase classname="Check Liberty Mutual Home Page Functionality" name="check umberella under Shop Insurance" time="21.225">
        <failure message="not same expected:&lt;...w.libertymutual.com/[rv]-insurance&gt; but was:&lt;...w.libertymutual.com/[umbrella]-insurance&gt;" type="org.junit.ComparisonFailure">
            <![CDATA[Given IM in LibertyMutual Home Page.........................................passed
When I click on shopInsurance...............................................passed
And I click on umberella....................................................passed
Then I verify Im in umberella Page..........................................failed

StackTrace:
org.junit.ComparisonFailure: not same expected:<...w.libertymutual.com/[rv]-insurance> but was:<...w.libertymutual.com/[umbrella]-insurance>
	at org.junit.Assert.assertEquals(Assert.java:117)
	at stepDefinitions.LibertyMutualStepDefinitions.i_verify_im_in_umberella_page(LibertyMutualStepDefinitions.java:168)
	at ✽.I verify Im in umberella Page(file:///C:/Users/micromedia/IdeaProjects/AutomationLab_Team_3/LibertyMutual/src/test/java/features/LibertyMutual.feature:55)
]]>
        </failure>
    </testcase>
    <testcase classname="Check Liberty Mutual Home Page Functionality" name="check home under Proprety" time="18.621">
        <system-out>
            <![CDATA[Given IM in LibertyMutual Home Page.........................................passed
When I click on shopInsurance...............................................passed
And I click on home.........................................................passed
Then I verify Im in home Page...............................................passed
]]>
        </system-out>
    </testcase>
    <testcase classname="Check Liberty Mutual Home Page Functionality" name="check renters under Proprety" time="19.364">
        <system-out>
            <![CDATA[Given IM in LibertyMutual Home Page.........................................passed
When I click on shopInsurance...............................................passed
And I click on renters......................................................passed
Then I verify Im in renters Page............................................passed
]]>
        </system-out>
    </testcase>
    <testcase classname="Check Liberty Mutual Home Page Functionality" name="check condo under Proprety" time="19.986">
        <system-out>
            <![CDATA[Given IM in LibertyMutual Home Page.........................................passed
When I click on shopInsurance...............................................passed
And I click on condo........................................................passed
Then I verify Im in condo Page..............................................passed
]]>
        </system-out>
    </testcase>
    <testcase classname="Check Liberty Mutual Home Page Functionality" name="check landlord under Proprety" time="18.35">
        <system-out>
            <![CDATA[Given IM in LibertyMutual Home Page.........................................passed
When I click on shopInsurance...............................................passed
And I click on landlord.....................................................passed
Then I verify Im in landlord Page...........................................passed
]]>
        </system-out>
    </testcase>
    <testcase classname="Check Liberty Mutual Home Page Functionality" name="check mobilehome under Proprety" time="21.201">
        <system-out>
            <![CDATA[Given IM in LibertyMutual Home Page.........................................passed
When I click on shopInsurance...............................................passed
And I click on mobilehome...................................................passed
Then I verify Im in mobilehome Page.........................................passed
]]>
        </system-out>
    </testcase>
    <testcase classname="Check Liberty Mutual Home Page Functionality" name="check flood under Proprety" time="18.489">
        <system-out>
            <![CDATA[Given IM in LibertyMutual Home Page.........................................passed
When I click on shopInsurance...............................................passed
And I click on flood........................................................passed
Then I verify Im in flood Page..............................................passed
]]>
        </system-out>
    </testcase>
    <testcase classname="Check Liberty Mutual Home Page Functionality" name="check umberellaProprety under Proprety" time="25.352">
        <failure message="element not interactable&#10;  (Session info: chrome=85.0.4183.121)&#10;Build info: version: '3.141.59', revision: 'e82be7d358', time: '2018-11-14T08:17:03'&#10;System info: host: 'MICROMEDIA-PC', ip: '192.168.1.37', os.name: 'Windows 7', os.arch: 'amd64', os.version: '6.1', java.version: '11'&#10;Driver info: org.openqa.selenium.chrome.ChromeDriver&#10;Capabilities {acceptInsecureCerts: false, browserName: chrome, browserVersion: 85.0.4183.121, chrome: {chromedriverVersion: 85.0.4183.83 (94abc2237ae0c..., userDataDir: C:\Users\MICROM~1\AppData\L...}, goog:chromeOptions: {debuggerAddress: localhost:64882}, javascriptEnabled: true, networkConnectionEnabled: false, pageLoadStrategy: normal, platform: WINDOWS, platformName: WINDOWS, proxy: Proxy(), setWindowRect: true, strictFileInteractability: false, timeouts: {implicit: 0, pageLoad: 300000, script: 30000}, unhandledPromptBehavior: dismiss and notify, webauthn:virtualAuthenticators: true}&#10;Session ID: b5958f2530c0bd88f82d163050325ee2" type="org.openqa.selenium.ElementNotInteractableException">
            <![CDATA[Given IM in LibertyMutual Home Page.........................................passed
When I click on shopInsurance...............................................passed
And I click on umberellaProprety............................................failed
Then I verify Im in umberellaProprety Page..................................skipped

StackTrace:
org.openqa.selenium.ElementNotInteractableException: element not interactable
  (Session info: chrome=85.0.4183.121)
Build info: version: '3.141.59', revision: 'e82be7d358', time: '2018-11-14T08:17:03'
System info: host: 'MICROMEDIA-PC', ip: '192.168.1.37', os.name: 'Windows 7', os.arch: 'amd64', os.version: '6.1', java.version: '11'
Driver info: org.openqa.selenium.chrome.ChromeDriver
Capabilities {acceptInsecureCerts: false, browserName: chrome, browserVersion: 85.0.4183.121, chrome: {chromedriverVersion: 85.0.4183.83 (94abc2237ae0c..., userDataDir: C:\Users\MICROM~1\AppData\L...}, goog:chromeOptions: {debuggerAddress: localhost:64882}, javascriptEnabled: true, networkConnectionEnabled: false, pageLoadStrategy: normal, platform: WINDOWS, platformName: WINDOWS, proxy: Proxy(), setWindowRect: true, strictFileInteractability: false, timeouts: {implicit: 0, pageLoad: 300000, script: 30000}, unhandledPromptBehavior: dismiss and notify, webauthn:virtualAuthenticators: true}
Session ID: b5958f2530c0bd88f82d163050325ee2
	at java.base/jdk.internal.reflect.NativeConstructorAccessorImpl.newInstance0(Native Method)
	at java.base/jdk.internal.reflect.NativeConstructorAccessorImpl.newInstance(NativeConstructorAccessorImpl.java:62)
	at java.base/jdk.internal.reflect.DelegatingConstructorAccessorImpl.newInstance(DelegatingConstructorAccessorImpl.java:45)
	at java.base/java.lang.reflect.Constructor.newInstance(Constructor.java:490)
	at org.openqa.selenium.remote.http.W3CHttpResponseCodec.createException(W3CHttpResponseCodec.java:187)
	at org.openqa.selenium.remote.http.W3CHttpResponseCodec.decode(W3CHttpResponseCodec.java:122)
	at org.openqa.selenium.remote.http.W3CHttpResponseCodec.decode(W3CHttpResponseCodec.java:49)
	at org.openqa.selenium.remote.HttpCommandExecutor.execute(HttpCommandExecutor.java:158)
	at org.openqa.selenium.remote.service.DriverCommandExecutor.execute(DriverCommandExecutor.java:83)
	at org.openqa.selenium.remote.RemoteWebDriver.execute(RemoteWebDriver.java:552)
	at org.openqa.selenium.remote.RemoteWebElement.execute(RemoteWebElement.java:285)
	at org.openqa.selenium.remote.RemoteWebElement.click(RemoteWebElement.java:84)
	at common.WebAPI.clickByXpath(WebAPI.java:486)
	at stepDefinitions.LibertyMutualStepDefinitions.i_click_on_umberella_proprety(LibertyMutualStepDefinitions.java:246)
	at ✽.I click on umberellaProprety(file:///C:/Users/micromedia/IdeaProjects/AutomationLab_Team_3/LibertyMutual/src/test/java/features/LibertyMutual.feature:89)
]]>
        </failure>
    </testcase>
    <testcase classname="Check Liberty Mutual Home Page Functionality" name="check login functionality" time="30.209">
        <failure message="no such element: Unable to locate element: {&quot;method&quot;:&quot;xpath&quot;,&quot;selector&quot;:&quot;//*[@class='_1xNj9nHz7A7fT4ftpaJp5M']&quot;}&#10;  (Session info: chrome=85.0.4183.121)&#10;For documentation on this error, please visit: https://www.seleniumhq.org/exceptions/no_such_element.html&#10;Build info: version: '3.141.59', revision: 'e82be7d358', time: '2018-11-14T08:17:03'&#10;System info: host: 'MICROMEDIA-PC', ip: '192.168.1.37', os.name: 'Windows 7', os.arch: 'amd64', os.version: '6.1', java.version: '11'&#10;Driver info: org.openqa.selenium.chrome.ChromeDriver&#10;Capabilities {acceptInsecureCerts: false, browserName: chrome, browserVersion: 85.0.4183.121, chrome: {chromedriverVersion: 85.0.4183.83 (94abc2237ae0c..., userDataDir: C:\Users\MICROM~1\AppData\L...}, goog:chromeOptions: {debuggerAddress: localhost:64968}, javascriptEnabled: true, networkConnectionEnabled: false, pageLoadStrategy: normal, platform: WINDOWS, platformName: WINDOWS, proxy: Proxy(), setWindowRect: true, strictFileInteractability: false, timeouts: {implicit: 0, pageLoad: 300000, script: 30000}, unhandledPromptBehavior: dismiss and notify, webauthn:virtualAuthenticators: true}&#10;Session ID: b86e31b55c4bd12f877b18ab03c3c9f5&#10;*** Element info: {Using=xpath, value=//*[@class='_1xNj9nHz7A7fT4ftpaJp5M']}" type="org.openqa.selenium.NoSuchElementException">
            <![CDATA[Given IM in LibertyMutual Home Page.........................................passed
When I click on login.......................................................passed
And I try to login..........................................................failed
And I click on submite......................................................skipped

StackTrace:
org.openqa.selenium.NoSuchElementException: no such element: Unable to locate element: {"method":"xpath","selector":"//*[@class='_1xNj9nHz7A7fT4ftpaJp5M']"}
  (Session info: chrome=85.0.4183.121)
For documentation on this error, please visit: https://www.seleniumhq.org/exceptions/no_such_element.html
Build info: version: '3.141.59', revision: 'e82be7d358', time: '2018-11-14T08:17:03'
System info: host: 'MICROMEDIA-PC', ip: '192.168.1.37', os.name: 'Windows 7', os.arch: 'amd64', os.version: '6.1', java.version: '11'
Driver info: org.openqa.selenium.chrome.ChromeDriver
Capabilities {acceptInsecureCerts: false, browserName: chrome, browserVersion: 85.0.4183.121, chrome: {chromedriverVersion: 85.0.4183.83 (94abc2237ae0c..., userDataDir: C:\Users\MICROM~1\AppData\L...}, goog:chromeOptions: {debuggerAddress: localhost:64968}, javascriptEnabled: true, networkConnectionEnabled: false, pageLoadStrategy: normal, platform: WINDOWS, platformName: WINDOWS, proxy: Proxy(), setWindowRect: true, strictFileInteractability: false, timeouts: {implicit: 0, pageLoad: 300000, script: 30000}, unhandledPromptBehavior: dismiss and notify, webauthn:virtualAuthenticators: true}
Session ID: b86e31b55c4bd12f877b18ab03c3c9f5
*** Element info: {Using=xpath, value=//*[@class='_1xNj9nHz7A7fT4ftpaJp5M']}
	at java.base/jdk.internal.reflect.NativeConstructorAccessorImpl.newInstance0(Native Method)
	at java.base/jdk.internal.reflect.NativeConstructorAccessorImpl.newInstance(NativeConstructorAccessorImpl.java:62)
	at java.base/jdk.internal.reflect.DelegatingConstructorAccessorImpl.newInstance(DelegatingConstructorAccessorImpl.java:45)
	at java.base/java.lang.reflect.Constructor.newInstance(Constructor.java:490)
	at org.openqa.selenium.remote.http.W3CHttpResponseCodec.createException(W3CHttpResponseCodec.java:187)
	at org.openqa.selenium.remote.http.W3CHttpResponseCodec.decode(W3CHttpResponseCodec.java:122)
	at org.openqa.selenium.remote.http.W3CHttpResponseCodec.decode(W3CHttpResponseCodec.java:49)
	at org.openqa.selenium.remote.HttpCommandExecutor.execute(HttpCommandExecutor.java:158)
	at org.openqa.selenium.remote.service.DriverCommandExecutor.execute(DriverCommandExecutor.java:83)
	at org.openqa.selenium.remote.RemoteWebDriver.execute(RemoteWebDriver.java:552)
	at org.openqa.selenium.remote.RemoteWebDriver.findElement(RemoteWebDriver.java:323)
	at org.openqa.selenium.remote.RemoteWebDriver.findElementByXPath(RemoteWebDriver.java:428)
	at org.openqa.selenium.By$ByXPath.findElement(By.java:353)
	at org.openqa.selenium.remote.RemoteWebDriver.findElement(RemoteWebDriver.java:315)
	at common.WebAPI.clickByXpath(WebAPI.java:486)
	at stepDefinitions.LibertyMutualStepDefinitions.i_try_to_login(LibertyMutualStepDefinitions.java:268)
	at ✽.I try to login(file:///C:/Users/micromedia/IdeaProjects/AutomationLab_Team_3/LibertyMutual/src/test/java/features/LibertyMutual.feature:94)
]]>
        </failure>
    </testcase>
    <testcase classname="Check Liberty Mutual Home Page Functionality" name="check search bare functionality" time="14.522">
        <system-out>
            <![CDATA[Given IM in LibertyMutual Home Page.........................................passed
When I click on search on home page.........................................passed
And I send "car insurance" searchKey........................................passed
Then i verify i get the right result........................................passed
]]>
        </system-out>
    </testcase>
    <testcase classname="Check Liberty Mutual Home Page Functionality" name="check search bare functionality 2" time="15.566">
        <system-out>
            <![CDATA[Given IM in LibertyMutual Home Page.........................................passed
When I click on search on home page.........................................passed
And I send "custom vehicle" searchKey.......................................passed
Then i verify i get the right result........................................passed
]]>
        </system-out>
    </testcase>
    <testcase classname="Check Liberty Mutual Home Page Functionality" name="check search bare functionality 3" time="16.311">
        <system-out>
            <![CDATA[Given IM in LibertyMutual Home Page.........................................passed
When I click on search on home page.........................................passed
And I send "truck insurance" searchKey......................................passed
Then i verify i get the right result........................................passed
]]>
        </system-out>
    </testcase>
    <testcase classname="Check Liberty Mutual Home Page Functionality" name="check claimCenter functionality" time="19.52">
        <system-out>
            <![CDATA[Given IM in LibertyMutual Home Page.........................................passed
When I click on claim Button................................................passed
And I click on claimCenter Button...........................................passed
Then I verify im in claimCenter.............................................passed
]]>
        </system-out>
    </testcase>
    <testcase classname="Check Liberty Mutual Home Page Functionality" name="check howTomanageYourClaim functionality" time="18.841">
        <system-out>
            <![CDATA[Given IM in LibertyMutual Home Page.........................................passed
When I click on claim Button................................................passed
And I click on howTomanageYourClaim Button..................................passed
Then I verify im in howTomanageYourClaim....................................passed
]]>
        </system-out>
    </testcase>
    <testcase classname="Check Liberty Mutual Home Page Functionality" name="check fileAclaimAgainstLibertymutual functionality" time="18.644">
        <system-out>
            <![CDATA[Given IM in LibertyMutual Home Page.........................................passed
When I click on claim Button................................................passed
And I click on fileAclaimAgainstLibertymutual Button........................passed
Then I verify im in fileAclaimAgainstLibertymutual..........................passed
]]>
        </system-out>
    </testcase>
    <testcase classname="Check Liberty Mutual Home Page Functionality" name="check fileAnAutoGlassClaim functionality" time="17.895">
        <system-out>
            <![CDATA[Given IM in LibertyMutual Home Page.........................................passed
When I click on claim Button................................................passed
And I click on fileAnAutoGlassClaim Button..................................passed
Then I verify im in fileAnAutoGlassClaim....................................passed
]]>
        </system-out>
    </testcase>
    <testcase classname="Check Liberty Mutual Home Page Functionality" name="" time="0.001">
        <failure message="The scenario has no steps" type="java.lang.Exception"/>
    </testcase>
</testsuite>
